# JRE version: Java(TM) SE Runtime Environment (8.0_144-b01) (build 1.8.0_144-b01)
# Java VM: Java HotSpot(TM) 64-Bit Server VM (25.144-b01 mixed mode linux-amd64 compressed oops)
Heap:
 PSYoungGen      total 73728K, used 2827K [0x00000000f5900000, 0x00000000fa500000, 0x0000000100000000)
  eden space 69632K, 0% used [0x00000000f5900000,0x00000000f5900000,0x00000000f9d00000)
  from space 4096K, 69% used [0x00000000f9d00000,0x00000000f9fc2fd8,0x00000000fa100000)
  to   space 4096K, 0% used [0x00000000fa100000,0x00000000fa100000,0x00000000fa500000)
 ParOldGen       total 22016K, used 8610K [0x00000000e0a00000, 0x00000000e1f80000, 0x00000000f5900000)
  object space 22016K, 39% used [0x00000000e0a00000,0x00000000e12689f0,0x00000000e1f80000)
 Metaspace       used 14289K, capacity 15606K, committed 15744K, reserved 1060864K
  class space    used 3219K, capacity 3692K, committed 3712K, reserved 1048576K
GC Heap History (10 events):
Event: 0.737 GC heap after
Heap after GC invocations=2 (full 0):
 PSYoungGen      total 18432K, used 1008K [0x00000000f5900000, 0x00000000f6c00000, 0x0000000100000000)
  eden space 17408K, 0% used [0x00000000f5900000,0x00000000f5900000,0x00000000f6a00000)
  from space 1024K, 98% used [0x00000000f6b00000,0x00000000f6bfc010,0x00000000f6c00000)
  to   space 1024K, 0% used [0x00000000f6a00000,0x00000000f6a00000,0x00000000f6b00000)
 ParOldGen       total 22016K, used 1790K [0x00000000e0a00000, 0x00000000e1f80000, 0x00000000f5900000)
  object space 22016K, 8% used [0x00000000e0a00000,0x00000000e0bbfae0,0x00000000e1f80000)
 Metaspace       used 5450K, capacity 6544K, committed 6656K, reserved 1056768K
  class space    used 745K, capacity 746K, committed 768K, reserved 1048576K
}
Event: 1.051 GC heap before
{Heap before GC invocations=3 (full 0):
 PSYoungGen      total 18432K, used 18416K [0x00000000f5900000, 0x00000000f6c00000, 0x0000000100000000)
  eden space 17408K, 100% used [0x00000000f5900000,0x00000000f6a00000,0x00000000f6a00000)
  from space 1024K, 98% used [0x00000000f6b00000,0x00000000f6bfc010,0x00000000f6c00000)
  to   space 1024K, 0% used [0x00000000f6a00000,0x00000000f6a00000,0x00000000f6b00000)
 ParOldGen       total 22016K, used 1790K [0x00000000e0a00000, 0x00000000e1f80000, 0x00000000f5900000)
  object space 22016K, 8% used [0x00000000e0a00000,0x00000000e0bbfae0,0x00000000e1f80000)
 Metaspace       used 7457K, capacity 8534K, committed 8704K, reserved 1056768K
  class space    used 1408K, capacity 1456K, committed 1536K, reserved 1048576K
Event: 1.059 GC heap after
Heap after GC invocations=3 (full 0):
 PSYoungGen      total 18432K, used 992K [0x00000000f5900000, 0x00000000f7d00000, 0x0000000100000000)
  eden space 17408K, 0% used [0x00000000f5900000,0x00000000f5900000,0x00000000f6a00000)
  from space 1024K, 96% used [0x00000000f6a00000,0x00000000f6af8020,0x00000000f6b00000)
  to   space 1024K, 0% used [0x00000000f7c00000,0x00000000f7c00000,0x00000000f7d00000)
 ParOldGen       total 22016K, used 3527K [0x00000000e0a00000, 0x00000000e1f80000, 0x00000000f5900000)
  object space 22016K, 16% used [0x00000000e0a00000,0x00000000e0d71e00,0x00000000e1f80000)
 Metaspace       used 7457K, capacity 8534K, committed 8704K, reserved 1056768K
  class space    used 1408K, capacity 1456K, committed 1536K, reserved 1048576K
}
Event: 1.468 GC heap before
{Heap before GC invocations=4 (full 0):
 PSYoungGen      total 18432K, used 18400K [0x00000000f5900000, 0x00000000f7d00000, 0x0000000100000000)
  eden space 17408K, 100% used [0x00000000f5900000,0x00000000f6a00000,0x00000000f6a00000)
  from space 1024K, 96% used [0x00000000f6a00000,0x00000000f6af8020,0x00000000f6b00000)
  to   space 1024K, 0% used [0x00000000f7c00000,0x00000000f7c00000,0x00000000f7d00000)
 ParOldGen       total 22016K, used 3527K [0x00000000e0a00000, 0x00000000e1f80000, 0x00000000f5900000)
  object space 22016K, 16% used [0x00000000e0a00000,0x00000000e0d71e00,0x00000000e1f80000)
 Metaspace       used 9366K, capacity 10000K, committed 10112K, reserved 1056768K
  class space    used 1790K, capacity 1818K, committed 1920K, reserved 1048576K
Event: 1.477 GC heap after
Heap after GC invocations=4 (full 0):
 PSYoungGen      total 35840K, used 995K [0x00000000f5900000, 0x00000000f7d00000, 0x0000000100000000)
  eden space 34816K, 0% used [0x00000000f5900000,0x00000000f5900000,0x00000000f7b00000)
  from space 1024K, 97% used [0x00000000f7c00000,0x00000000f7cf8d68,0x00000000f7d00000)
  to   space 1024K, 0% used [0x00000000f7b00000,0x00000000f7b00000,0x00000000f7c00000)
 ParOldGen       total 22016K, used 5626K [0x00000000e0a00000, 0x00000000e1f80000, 0x00000000f5900000)
  object space 22016K, 25% used [0x00000000e0a00000,0x00000000e0f7e848,0x00000000e1f80000)
 Metaspace       used 9366K, capacity 10000K, committed 10112K, reserved 1056768K
  class space    used 1790K, capacity 1818K, committed 1920K, reserved 1048576K
}
Event: 1.896 GC heap before
{Heap before GC invocations=5 (full 0):
 PSYoungGen      total 35840K, used 35811K [0x00000000f5900000, 0x00000000f7d00000, 0x0000000100000000)
  eden space 34816K, 100% used [0x00000000f5900000,0x00000000f7b00000,0x00000000f7b00000)
  from space 1024K, 97% used [0x00000000f7c00000,0x00000000f7cf8d68,0x00000000f7d00000)
  to   space 1024K, 0% used [0x00000000f7b00000,0x00000000f7b00000,0x00000000f7c00000)
 ParOldGen       total 22016K, used 5626K [0x00000000e0a00000, 0x00000000e1f80000, 0x00000000f5900000)
  object space 22016K, 25% used [0x00000000e0a00000,0x00000000e0f7e848,0x00000000e1f80000)
 Metaspace       used 11654K, capacity 12176K, committed 12288K, reserved 1058816K
  class space    used 2489K, capacity 2522K, committed 2560K, reserved 1048576K
Event: 1.903 GC heap after
Heap after GC invocations=5 (full 0):
 PSYoungGen      total 35840K, used 995K [0x00000000f5900000, 0x00000000fa500000, 0x0000000100000000)
  eden space 34816K, 0% used [0x00000000f5900000,0x00000000f5900000,0x00000000f7b00000)
  from space 1024K, 97% used [0x00000000f7b00000,0x00000000f7bf8d68,0x00000000f7c00000)
  to   space 4096K, 0% used [0x00000000fa100000,0x00000000fa100000,0x00000000fa500000)
 ParOldGen       total 22016K, used 8215K [0x00000000e0a00000, 0x00000000e1f80000, 0x00000000f5900000)
  object space 22016K, 37% used [0x00000000e0a00000,0x00000000e1205c48,0x00000000e1f80000)
 Metaspace       used 11654K, capacity 12176K, committed 12288K, reserved 1058816K
  class space    used 2489K, capacity 2522K, committed 2560K, reserved 1048576K
}
Event: 2.461 GC heap before
{Heap before GC invocations=6 (full 0):
 PSYoungGen      total 35840K, used 35811K [0x00000000f5900000, 0x00000000fa500000, 0x0000000100000000)
  eden space 34816K, 100% used [0x00000000f5900000,0x00000000f7b00000,0x00000000f7b00000)
  from space 1024K, 97% used [0x00000000f7b00000,0x00000000f7bf8d68,0x00000000f7c00000)
  to   space 4096K, 0% used [0x00000000fa100000,0x00000000fa100000,0x00000000fa500000)
 ParOldGen       total 22016K, used 8215K [0x00000000e0a00000, 0x00000000e1f80000, 0x00000000f5900000)
  object space 22016K, 37% used [0x00000000e0a00000,0x00000000e1205c48,0x00000000e1f80000)
 Metaspace       used 12962K, capacity 13544K, committed 13568K, reserved 1060864K
  class space    used 2824K, capacity 3054K, committed 3072K, reserved 1048576K
Event: 2.471 GC heap after
Heap after GC invocations=6 (full 0):
 PSYoungGen      total 73728K, used 2735K [0x00000000f5900000, 0x00000000fa500000, 0x0000000100000000)
  eden space 69632K, 0% used [0x00000000f5900000,0x00000000f5900000,0x00000000f9d00000)
  from space 4096K, 66% used [0x00000000fa100000,0x00000000fa3abd40,0x00000000fa500000)
  to   space 4096K, 0% used [0x00000000f9d00000,0x00000000f9d00000,0x00000000fa100000)
 ParOldGen       total 22016K, used 8215K [0x00000000e0a00000, 0x00000000e1f80000, 0x00000000f5900000)
  object space 22016K, 37% used [0x00000000e0a00000,0x00000000e1205c48,0x00000000e1f80000)
 Metaspace       used 12962K, capacity 13544K, committed 13568K, reserved 1060864K
  class space    used 2824K, capacity 3054K, committed 3072K, reserved 1048576K
}
Event: 3.267 GC heap before
{Heap before GC invocations=7 (full 0):
 PSYoungGen      total 73728K, used 72367K [0x00000000f5900000, 0x00000000fa500000, 0x0000000100000000)
  eden space 69632K, 100% used [0x00000000f5900000,0x00000000f9d00000,0x00000000f9d00000)
  from space 4096K, 66% used [0x00000000fa100000,0x00000000fa3abd40,0x00000000fa500000)
  to   space 4096K, 0% used [0x00000000f9d00000,0x00000000f9d00000,0x00000000fa100000)
 ParOldGen       total 22016K, used 8215K [0x00000000e0a00000, 0x00000000e1f80000, 0x00000000f5900000)
  object space 22016K, 37% used [0x00000000e0a00000,0x00000000e1205c48,0x00000000e1f80000)
 Metaspace       used 14289K, capacity 15606K, committed 15744K, reserved 1060864K
  class space    used 3219K, capacity 3692K, committed 3712K, reserved 1048576K

