# JRE version: Java(TM) SE Runtime Environment (8.0_144-b01) (build 1.8.0_144-b01)
# Java VM: Java HotSpot(TM) 64-Bit Server VM (25.144-b01 mixed mode linux-amd64 compressed oops)
Heap:
 PSYoungGen      total 73728K, used 2891K [0x00000000f5900000, 0x00000000fa500000, 0x0000000100000000)
  eden space 69632K, 0% used [0x00000000f5900000,0x00000000f5900000,0x00000000f9d00000)
  from space 4096K, 70% used [0x00000000f9d00000,0x00000000f9fd2ff8,0x00000000fa100000)
  to   space 3584K, 0% used [0x00000000fa180000,0x00000000fa180000,0x00000000fa500000)
 ParOldGen       total 22016K, used 8608K [0x00000000e0a00000, 0x00000000e1f80000, 0x00000000f5900000)
  object space 22016K, 39% used [0x00000000e0a00000,0x00000000e12680c8,0x00000000e1f80000)
 Metaspace       used 14327K, capacity 15606K, committed 15744K, reserved 1060864K
  class space    used 3219K, capacity 3692K, committed 3712K, reserved 1048576K
GC Heap History (10 events):
Event: 0.740 GC heap after
Heap after GC invocations=2 (full 0):
 PSYoungGen      total 18432K, used 1008K [0x00000000f5900000, 0x00000000f6c00000, 0x0000000100000000)
  eden space 17408K, 0% used [0x00000000f5900000,0x00000000f5900000,0x00000000f6a00000)
  from space 1024K, 98% used [0x00000000f6b00000,0x00000000f6bfc010,0x00000000f6c00000)
  to   space 1024K, 0% used [0x00000000f6a00000,0x00000000f6a00000,0x00000000f6b00000)
 ParOldGen       total 22016K, used 1790K [0x00000000e0a00000, 0x00000000e1f80000, 0x00000000f5900000)
  object space 22016K, 8% used [0x00000000e0a00000,0x00000000e0bbfae0,0x00000000e1f80000)
 Metaspace       used 5454K, capacity 6544K, committed 6656K, reserved 1056768K
  class space    used 745K, capacity 746K, committed 768K, reserved 1048576K
}
Event: 1.025 GC heap before
{Heap before GC invocations=3 (full 0):
 PSYoungGen      total 18432K, used 18416K [0x00000000f5900000, 0x00000000f6c00000, 0x0000000100000000)
  eden space 17408K, 100% used [0x00000000f5900000,0x00000000f6a00000,0x00000000f6a00000)
  from space 1024K, 98% used [0x00000000f6b00000,0x00000000f6bfc010,0x00000000f6c00000)
  to   space 1024K, 0% used [0x00000000f6a00000,0x00000000f6a00000,0x00000000f6b00000)
 ParOldGen       total 22016K, used 1790K [0x00000000e0a00000, 0x00000000e1f80000, 0x00000000f5900000)
  object space 22016K, 8% used [0x00000000e0a00000,0x00000000e0bbfae0,0x00000000e1f80000)
 Metaspace       used 7458K, capacity 8534K, committed 8704K, reserved 1056768K
  class space    used 1408K, capacity 1456K, committed 1536K, reserved 1048576K
Event: 1.050 GC heap after
Heap after GC invocations=3 (full 0):
 PSYoungGen      total 18432K, used 1011K [0x00000000f5900000, 0x00000000f7d00000, 0x0000000100000000)
  eden space 17408K, 0% used [0x00000000f5900000,0x00000000f5900000,0x00000000f6a00000)
  from space 1024K, 98% used [0x00000000f6a00000,0x00000000f6afcd78,0x00000000f6b00000)
  to   space 1024K, 0% used [0x00000000f7c00000,0x00000000f7c00000,0x00000000f7d00000)
 ParOldGen       total 22016K, used 3523K [0x00000000e0a00000, 0x00000000e1f80000, 0x00000000f5900000)
  object space 22016K, 16% used [0x00000000e0a00000,0x00000000e0d70c60,0x00000000e1f80000)
 Metaspace       used 7458K, capacity 8534K, committed 8704K, reserved 1056768K
  class space    used 1408K, capacity 1456K, committed 1536K, reserved 1048576K
}
Event: 1.462 GC heap before
{Heap before GC invocations=4 (full 0):
 PSYoungGen      total 18432K, used 18419K [0x00000000f5900000, 0x00000000f7d00000, 0x0000000100000000)
  eden space 17408K, 100% used [0x00000000f5900000,0x00000000f6a00000,0x00000000f6a00000)
  from space 1024K, 98% used [0x00000000f6a00000,0x00000000f6afcd78,0x00000000f6b00000)
  to   space 1024K, 0% used [0x00000000f7c00000,0x00000000f7c00000,0x00000000f7d00000)
 ParOldGen       total 22016K, used 3523K [0x00000000e0a00000, 0x00000000e1f80000, 0x00000000f5900000)
  object space 22016K, 16% used [0x00000000e0a00000,0x00000000e0d70c60,0x00000000e1f80000)
 Metaspace       used 9366K, capacity 10000K, committed 10112K, reserved 1056768K
  class space    used 1790K, capacity 1818K, committed 1920K, reserved 1048576K
Event: 1.488 GC heap after
Heap after GC invocations=4 (full 0):
 PSYoungGen      total 35840K, used 1011K [0x00000000f5900000, 0x00000000f7d00000, 0x0000000100000000)
  eden space 34816K, 0% used [0x00000000f5900000,0x00000000f5900000,0x00000000f7b00000)
  from space 1024K, 98% used [0x00000000f7c00000,0x00000000f7cfcd78,0x00000000f7d00000)
  to   space 1024K, 0% used [0x00000000f7b00000,0x00000000f7b00000,0x00000000f7c00000)
 ParOldGen       total 22016K, used 5641K [0x00000000e0a00000, 0x00000000e1f80000, 0x00000000f5900000)
  object space 22016K, 25% used [0x00000000e0a00000,0x00000000e0f826c0,0x00000000e1f80000)
 Metaspace       used 9366K, capacity 10000K, committed 10112K, reserved 1056768K
  class space    used 1790K, capacity 1818K, committed 1920K, reserved 1048576K
}
Event: 1.982 GC heap before
{Heap before GC invocations=5 (full 0):
 PSYoungGen      total 35840K, used 35827K [0x00000000f5900000, 0x00000000f7d00000, 0x0000000100000000)
  eden space 34816K, 100% used [0x00000000f5900000,0x00000000f7b00000,0x00000000f7b00000)
  from space 1024K, 98% used [0x00000000f7c00000,0x00000000f7cfcd78,0x00000000f7d00000)
  to   space 1024K, 0% used [0x00000000f7b00000,0x00000000f7b00000,0x00000000f7c00000)
 ParOldGen       total 22016K, used 5641K [0x00000000e0a00000, 0x00000000e1f80000, 0x00000000f5900000)
  object space 22016K, 25% used [0x00000000e0a00000,0x00000000e0f826c0,0x00000000e1f80000)
 Metaspace       used 11653K, capacity 12176K, committed 12288K, reserved 1058816K
  class space    used 2489K, capacity 2522K, committed 2560K, reserved 1048576K
Event: 2.005 GC heap after
Heap after GC invocations=5 (full 0):
 PSYoungGen      total 35840K, used 1008K [0x00000000f5900000, 0x00000000fa600000, 0x0000000100000000)
  eden space 34816K, 0% used [0x00000000f5900000,0x00000000f5900000,0x00000000f7b00000)
  from space 1024K, 98% used [0x00000000f7b00000,0x00000000f7bfc030,0x00000000f7c00000)
  to   space 4608K, 0% used [0x00000000fa180000,0x00000000fa180000,0x00000000fa600000)
 ParOldGen       total 22016K, used 8224K [0x00000000e0a00000, 0x00000000e1f80000, 0x00000000f5900000)
  object space 22016K, 37% used [0x00000000e0a00000,0x00000000e1208068,0x00000000e1f80000)
 Metaspace       used 11653K, capacity 12176K, committed 12288K, reserved 1058816K
  class space    used 2489K, capacity 2522K, committed 2560K, reserved 1048576K
}
Event: 2.687 GC heap before
{Heap before GC invocations=6 (full 0):
 PSYoungGen      total 35840K, used 35824K [0x00000000f5900000, 0x00000000fa600000, 0x0000000100000000)
  eden space 34816K, 100% used [0x00000000f5900000,0x00000000f7b00000,0x00000000f7b00000)
  from space 1024K, 98% used [0x00000000f7b00000,0x00000000f7bfc030,0x00000000f7c00000)
  to   space 4608K, 0% used [0x00000000fa180000,0x00000000fa180000,0x00000000fa600000)
 ParOldGen       total 22016K, used 8224K [0x00000000e0a00000, 0x00000000e1f80000, 0x00000000f5900000)
  object space 22016K, 37% used [0x00000000e0a00000,0x00000000e1208068,0x00000000e1f80000)
 Metaspace       used 12991K, capacity 13608K, committed 13824K, reserved 1060864K
  class space    used 2823K, capacity 3054K, committed 3072K, reserved 1048576K
Event: 2.698 GC heap after
Heap after GC invocations=6 (full 0):
 PSYoungGen      total 73216K, used 2779K [0x00000000f5900000, 0x00000000fa500000, 0x0000000100000000)
  eden space 69632K, 0% used [0x00000000f5900000,0x00000000f5900000,0x00000000f9d00000)
  from space 3584K, 77% used [0x00000000fa180000,0x00000000fa436fe8,0x00000000fa500000)
  to   space 4096K, 0% used [0x00000000f9d00000,0x00000000f9d00000,0x00000000fa100000)
 ParOldGen       total 22016K, used 8224K [0x00000000e0a00000, 0x00000000e1f80000, 0x00000000f5900000)
  object space 22016K, 37% used [0x00000000e0a00000,0x00000000e1208068,0x00000000e1f80000)
 Metaspace       used 12991K, capacity 13608K, committed 13824K, reserved 1060864K
  class space    used 2823K, capacity 3054K, committed 3072K, reserved 1048576K
}
Event: 3.439 GC heap before
{Heap before GC invocations=7 (full 0):
 PSYoungGen      total 73216K, used 72411K [0x00000000f5900000, 0x00000000fa500000, 0x0000000100000000)
  eden space 69632K, 100% used [0x00000000f5900000,0x00000000f9d00000,0x00000000f9d00000)
  from space 3584K, 77% used [0x00000000fa180000,0x00000000fa436fe8,0x00000000fa500000)
  to   space 4096K, 0% used [0x00000000f9d00000,0x00000000f9d00000,0x00000000fa100000)
 ParOldGen       total 22016K, used 8224K [0x00000000e0a00000, 0x00000000e1f80000, 0x00000000f5900000)
  object space 22016K, 37% used [0x00000000e0a00000,0x00000000e1208068,0x00000000e1f80000)
 Metaspace       used 14327K, capacity 15606K, committed 15744K, reserved 1060864K
  class space    used 3219K, capacity 3692K, committed 3712K, reserved 1048576K

